<?xml version="1.0" encoding="utf-8"?><testsuites name="pytest tests"><testsuite name="pytest" errors="0" failures="0" skipped="0" tests="23" time="42.486" timestamp="2026-04-01T04:16:18.285915+00:00" hostname="agent-env-9d2fa543-695f-4aa5-813d-a1da04882ec4"><testcase classname="backend.tests.test_public_estimate_flow.TestPublicSupportedVehicles" name="test_returns_200_without_auth" time="0.222" /><testcase classname="backend.tests.test_public_estimate_flow.TestPublicSupportedVehicles" name="test_returns_supported_vehicles_list" time="0.213" /><testcase classname="backend.tests.test_public_estimate_flow.TestPublicSupportedVehicles" name="test_mazda_cx5_2022_is_supported" time="0.241" /><testcase classname="backend.tests.test_public_estimate_flow.TestPublicRegionProfiles" name="test_returns_200_without_auth" time="0.146" /><testcase classname="backend.tests.test_public_estimate_flow.TestPublicRegionProfiles" name="test_returns_profiles_list" time="0.207" /><testcase classname="backend.tests.test_public_estimate_flow.TestPublicRegionProfiles" name="test_contains_us_and_ca_profiles" time="0.256" /><testcase classname="backend.tests.test_public_estimate_flow.TestPublicAnalyzeEstimate" name="test_returns_200_with_valid_file" time="2.811" /><testcase classname="backend.tests.test_public_estimate_flow.TestPublicAnalyzeEstimate" name="test_returns_estimate_with_guest_token" time="2.775" /><testcase classname="backend.tests.test_public_estimate_flow.TestPublicAnalyzeEstimate" name="test_estimate_has_no_user_id" time="2.854" /><testcase classname="backend.tests.test_public_estimate_flow.TestPublicAnalyzeEstimate" name="test_estimate_has_correct_vehicle_info" time="2.587" /><testcase classname="backend.tests.test_public_estimate_flow.TestPublicGetResults" name="test_returns_200_with_valid_guest_token" time="2.643" /><testcase classname="backend.tests.test_public_estimate_flow.TestPublicGetResults" name="test_returns_404_with_invalid_guest_token" time="2.842" /><testcase classname="backend.tests.test_public_estimate_flow.TestPublicGetResults" name="test_returns_404_without_guest_token" time="2.253" /><testcase classname="backend.tests.test_public_estimate_flow.TestPublicGetResults" name="test_returns_estimate_items_and_summary" time="2.974" /><testcase classname="backend.tests.test_public_estimate_flow.TestPublicReanalyze" name="test_returns_200_with_valid_guest_token" time="2.784" /><testcase classname="backend.tests.test_public_estimate_flow.TestPublicReanalyze" name="test_returns_404_with_invalid_guest_token" time="3.034" /><testcase classname="backend.tests.test_public_estimate_flow.TestPublicReanalyze" name="test_updates_schedule_code" time="2.713" /><testcase classname="backend.tests.test_public_estimate_flow.TestPublicClaimEstimate" name="test_returns_401_without_auth" time="3.044" /><testcase classname="backend.tests.test_public_estimate_flow.TestPublicClaimEstimate" name="test_claims_estimate_with_auth" time="2.982" /><testcase classname="backend.tests.test_public_estimate_flow.TestPublicClaimEstimate" name="test_returns_404_for_already_claimed" time="4.129" /><testcase classname="backend.tests.test_public_estimate_flow.TestAuthenticatedEndpointsStillRequireAuth" name="test_region_profiles_requires_auth" time="0.143" /><testcase classname="backend.tests.test_public_estimate_flow.TestAuthenticatedEndpointsStillRequireAuth" name="test_supported_vehicles_requires_auth" time="0.159" /><testcase classname="backend.tests.test_public_estimate_flow.TestAuthenticatedEndpointsStillRequireAuth" name="test_create_estimate_requires_auth" time="0.155" /></testsuite></testsuites>