<?xml version="1.0" encoding="utf-8"?><testsuites name="pytest tests"><testsuite name="pytest" errors="0" failures="0" skipped="2" tests="14" time="7.754" timestamp="2026-03-31T05:53:51.353928+00:00" hostname="agent-env-9d2fa543-695f-4aa5-813d-a1da04882ec4"><testcase classname="backend.tests.test_estimates.TestAuthFlow" name="test_register_new_user" time="2.803" /><testcase classname="backend.tests.test_estimates.TestAuthFlow" name="test_login_existing_user" time="0.349" /><testcase classname="backend.tests.test_estimates.TestAuthFlow" name="test_access_dashboard_stats" time="0.439" /><testcase classname="backend.tests.test_estimates.TestEstimatesAPI" name="test_list_estimates_empty" time="0.821" /><testcase classname="backend.tests.test_estimates.TestEstimatesAPI" name="test_create_estimate_with_image" time="0.267"><skipped type="pytest.skip" message="Vehicle make/model not supported for estimate checker">/app/backend/tests/test_estimates.py:196: Vehicle make/model not supported for estimate checker</skipped></testcase><testcase classname="backend.tests.test_estimates.TestEstimatesAPI" name="test_get_estimate_not_found" time="0.172" /><testcase classname="backend.tests.test_estimates.TestEstimatesAPI" name="test_delete_estimate_not_found" time="0.126" /><testcase classname="backend.tests.test_estimates.TestEstimatesAPI" name="test_convert_items_no_items" time="0.117" /><testcase classname="backend.tests.test_estimates.TestEstimatesAPI" name="test_upload_invalid_file_type" time="0.207" /><testcase classname="backend.tests.test_estimates.TestEstimatesAPI" name="test_upload_missing_vehicle_id" time="0.113" /><testcase classname="backend.tests.test_estimates.TestEstimatesIntegration" name="test_full_estimate_workflow" time="0.999"><skipped type="pytest.skip" message="Estimate creation failed (AI OCR or unsupported vehicle)">/app/backend/tests/test_estimates.py:345: Estimate creation failed (AI OCR or unsupported vehicle)</skipped></testcase><testcase classname="backend.tests.test_estimates.TestVehiclesForEstimates" name="test_list_vehicles" time="0.612" /><testcase classname="backend.tests.test_estimates.TestUnauthorizedAccess" name="test_estimates_requires_auth" time="0.110" /><testcase classname="backend.tests.test_estimates.TestUnauthorizedAccess" name="test_create_estimate_requires_auth" time="0.129" /></testsuite></testsuites>