<?xml version="1.0" encoding="utf-8"?><testsuites name="pytest tests"><testsuite name="pytest" errors="0" failures="0" skipped="0" tests="14" time="13.425" timestamp="2026-03-31T03:17:22.732875+00:00" hostname="agent-env-9d2fa543-695f-4aa5-813d-a1da04882ec4"><testcase classname="tests.test_estimates.TestAuthFlow" name="test_register_new_user" time="0.605" /><testcase classname="tests.test_estimates.TestAuthFlow" name="test_login_existing_user" time="0.352" /><testcase classname="tests.test_estimates.TestAuthFlow" name="test_access_dashboard_stats" time="0.413" /><testcase classname="tests.test_estimates.TestEstimatesAPI" name="test_list_estimates_empty" time="0.568" /><testcase classname="tests.test_estimates.TestEstimatesAPI" name="test_create_estimate_with_image" time="6.112" /><testcase classname="tests.test_estimates.TestEstimatesAPI" name="test_get_estimate_not_found" time="0.163" /><testcase classname="tests.test_estimates.TestEstimatesAPI" name="test_delete_estimate_not_found" time="0.128" /><testcase classname="tests.test_estimates.TestEstimatesAPI" name="test_convert_items_no_items" time="0.126" /><testcase classname="tests.test_estimates.TestEstimatesAPI" name="test_upload_invalid_file_type" time="0.130" /><testcase classname="tests.test_estimates.TestEstimatesAPI" name="test_upload_missing_vehicle_id" time="0.171" /><testcase classname="tests.test_estimates.TestEstimatesIntegration" name="test_full_estimate_workflow" time="3.183" /><testcase classname="tests.test_estimates.TestVehiclesForEstimates" name="test_list_vehicles" time="0.554" /><testcase classname="tests.test_estimates.TestUnauthorizedAccess" name="test_estimates_requires_auth" time="0.206" /><testcase classname="tests.test_estimates.TestUnauthorizedAccess" name="test_create_estimate_requires_auth" time="0.126" /></testsuite></testsuites>