<?xml version="1.0" encoding="utf-8"?><testsuites name="pytest tests"><testsuite name="pytest" errors="0" failures="0" skipped="0" tests="19" time="4.030" timestamp="2026-04-01T02:18:05.237541+00:00" hostname="agent-env-9d2fa543-695f-4aa5-813d-a1da04882ec4"><testcase classname="backend.tests.test_region_feature.TestRegionProfiles" name="test_region_profiles_returns_200" time="0.744" /><testcase classname="backend.tests.test_region_feature.TestRegionProfiles" name="test_region_profiles_contains_ca_and_us" time="0.138" /><testcase classname="backend.tests.test_region_feature.TestRegionProfiles" name="test_ca_profile_has_correct_units" time="0.137" /><testcase classname="backend.tests.test_region_feature.TestRegionProfiles" name="test_us_profile_has_correct_units" time="0.142" /><testcase classname="backend.tests.test_region_feature.TestRegionProfiles" name="test_us_profile_has_schedule_logic" time="0.357" /><testcase classname="backend.tests.test_region_feature.TestSupportedVehicles" name="test_supported_vehicles_returns_200" time="0.296" /><testcase classname="backend.tests.test_region_feature.TestSupportedVehicles" name="test_supported_vehicles_has_regions_array" time="0.150" /><testcase classname="backend.tests.test_region_feature.TestSupportedVehicles" name="test_mazda_cx5_2022_has_both_regions" time="0.159" /><testcase classname="backend.tests.test_region_feature.TestDebugMatchUS" name="test_debug_match_us_tire_rotation_schedule1" time="0.168" /><testcase classname="backend.tests.test_region_feature.TestDebugMatchUS" name="test_debug_match_us_oil_change_condition_based" time="0.139" /><testcase classname="backend.tests.test_region_feature.TestDebugMatchUS" name="test_debug_match_us_spark_plug" time="0.143" /><testcase classname="backend.tests.test_region_feature.TestDebugMatchUS" name="test_debug_match_us_coolant_flush_first_then_recurring" time="0.161" /><testcase classname="backend.tests.test_region_feature.TestDebugMatchUS" name="test_debug_match_us_schedule2_tire_rotation" time="0.154" /><testcase classname="backend.tests.test_region_feature.TestDebugMatchCA" name="test_debug_match_ca_tire_rotation" time="0.139" /><testcase classname="backend.tests.test_region_feature.TestDebugMatchRuleTrace" name="test_debug_match_returns_rule_trace" time="0.134" /><testcase classname="backend.tests.test_region_feature.TestDebugMatchRuleTrace" name="test_debug_match_returns_verdict_object" time="0.154" /><testcase classname="backend.tests.test_region_feature.TestAuthRequired" name="test_region_profiles_requires_auth" time="0.177" /><testcase classname="backend.tests.test_region_feature.TestAuthRequired" name="test_supported_vehicles_requires_auth" time="0.178" /><testcase classname="backend.tests.test_region_feature.TestAuthRequired" name="test_debug_match_requires_auth" time="0.148" /></testsuite></testsuites>