<?xml version="1.0" encoding="utf-8"?><testsuites name="pytest tests"><testsuite name="pytest" errors="0" failures="0" skipped="0" tests="33" time="6.318" timestamp="2026-04-01T03:22:07.178791+00:00" hostname="agent-env-9d2fa543-695f-4aa5-813d-a1da04882ec4"><testcase classname="backend.tests.test_ux_simplification.TestReanalyzeEndpoint" name="test_reanalyze_endpoint_exists" time="0.720" /><testcase classname="backend.tests.test_ux_simplification.TestReanalyzeEndpoint" name="test_reanalyze_with_schedule_1" time="0.199" /><testcase classname="backend.tests.test_ux_simplification.TestReanalyzeEndpoint" name="test_reanalyze_with_schedule_2" time="0.169" /><testcase classname="backend.tests.test_ux_simplification.TestReanalyzeEndpoint" name="test_reanalyze_updates_estimate_schedule" time="0.332" /><testcase classname="backend.tests.test_ux_simplification.TestReanalyzeEndpoint" name="test_reanalyze_returns_updated_items" time="0.187" /><testcase classname="backend.tests.test_ux_simplification.TestReanalyzeEndpoint" name="test_reanalyze_requires_auth" time="0.125" /><testcase classname="backend.tests.test_ux_simplification.TestDebugInferredLogic" name="test_debug_match_returns_inferred_logic" time="0.159" /><testcase classname="backend.tests.test_ux_simplification.TestDebugInferredLogic" name="test_inferred_logic_has_required_fields" time="0.136" /><testcase classname="backend.tests.test_ux_simplification.TestDebugInferredLogic" name="test_inferred_logic_default_schedule_1" time="0.131" /><testcase classname="backend.tests.test_ux_simplification.TestDebugInferredLogic" name="test_inferred_logic_user_selected_schedule_2" time="0.146" /><testcase classname="backend.tests.test_ux_simplification.TestDebugMatchStillWorks" name="test_debug_match_with_all_params" time="0.145" /><testcase classname="backend.tests.test_ux_simplification.TestDebugMatchStillWorks" name="test_debug_match_ca_region_still_works" time="0.144" /><testcase classname="backend.tests.test_ux_simplification.TestEstimateUploadNoSchedule" name="test_estimate_upload_defaults_schedule_1" time="0.001" /><testcase classname="backend.tests.test_ux_simplification.TestEstimateDetailDueStatus" name="test_estimate_items_have_due_status" time="0.146" /><testcase classname="backend.tests.test_region_feature.TestRegionProfiles" name="test_region_profiles_returns_200" time="0.620" /><testcase classname="backend.tests.test_region_feature.TestRegionProfiles" name="test_region_profiles_contains_ca_and_us" time="0.156" /><testcase classname="backend.tests.test_region_feature.TestRegionProfiles" name="test_ca_profile_has_correct_units" time="0.155" /><testcase classname="backend.tests.test_region_feature.TestRegionProfiles" name="test_us_profile_has_correct_units" time="0.129" /><testcase classname="backend.tests.test_region_feature.TestRegionProfiles" name="test_us_profile_has_schedule_logic" time="0.167" /><testcase classname="backend.tests.test_region_feature.TestSupportedVehicles" name="test_supported_vehicles_returns_200" time="0.134" /><testcase classname="backend.tests.test_region_feature.TestSupportedVehicles" name="test_supported_vehicles_has_regions_array" time="0.135" /><testcase classname="backend.tests.test_region_feature.TestSupportedVehicles" name="test_mazda_cx5_2022_has_both_regions" time="0.141" /><testcase classname="backend.tests.test_region_feature.TestDebugMatchUS" name="test_debug_match_us_tire_rotation_schedule1" time="0.163" /><testcase classname="backend.tests.test_region_feature.TestDebugMatchUS" name="test_debug_match_us_oil_change_condition_based" time="0.162" /><testcase classname="backend.tests.test_region_feature.TestDebugMatchUS" name="test_debug_match_us_spark_plug" time="0.142" /><testcase classname="backend.tests.test_region_feature.TestDebugMatchUS" name="test_debug_match_us_coolant_flush_first_then_recurring" time="0.144" /><testcase classname="backend.tests.test_region_feature.TestDebugMatchUS" name="test_debug_match_us_schedule2_tire_rotation" time="0.179" /><testcase classname="backend.tests.test_region_feature.TestDebugMatchCA" name="test_debug_match_ca_tire_rotation" time="0.140" /><testcase classname="backend.tests.test_region_feature.TestDebugMatchRuleTrace" name="test_debug_match_returns_rule_trace" time="0.147" /><testcase classname="backend.tests.test_region_feature.TestDebugMatchRuleTrace" name="test_debug_match_returns_verdict_object" time="0.143" /><testcase classname="backend.tests.test_region_feature.TestAuthRequired" name="test_region_profiles_requires_auth" time="0.128" /><testcase classname="backend.tests.test_region_feature.TestAuthRequired" name="test_supported_vehicles_requires_auth" time="0.133" /><testcase classname="backend.tests.test_region_feature.TestAuthRequired" name="test_debug_match_requires_auth" time="0.134" /></testsuite></testsuites>